#-----------------------------------------------------------
# Webtalk v2015.4 (64-bit)
# SW Build 1412921 on Wed Nov 18 09:44:32 MST 2015
# 
# Start of session at: Sun Aug 27 18:41:01 2017
# Process ID: 2315
# Current directory: /home/yarib/ZYBO_projects/app_workspace/webtalk
# Command line: wbtcv -mode batch -source sdk_webtalk.tcl
# Log file: /home/yarib/ZYBO_projects/app_workspace/webtalk/webtalk.log
# Journal file: /home/yarib/ZYBO_projects/app_workspace/webtalk/webtalk.jou
#-----------------------------------------------------------
source sdk_webtalk.tcl
# webtalk_init -webtalk_dir /home/yarib/ZYBO_projects/app_workspace/webtalk
# webtalk_register_client -client project
# webtalk_add_data -client project -key date_generated -value "Sun Aug 27 18:41:01 2017" -context "software_version_and_target_device"
# webtalk_add_data -client project -key product_version -value "SDK v2015.4" -context "software_version_and_target_device"
# webtalk_add_data -client project -key build_version -value "2015.4" -context "software_version_and_target_device"
# webtalk_add_data -client project -key os_platform -value "amd64" -context "software_version_and_target_device"
# webtalk_add_data -client project -key registration_id -value "" -context "software_version_and_target_device"
# webtalk_add_data -client project -key tool_flow -value "SDK" -context "software_version_and_target_device"
# webtalk_add_data -client project -key beta -value "false" -context "software_version_and_target_device"
# webtalk_add_data -client project -key route_design -value "NA" -context "software_version_and_target_device"
# webtalk_add_data -client project -key target_family -value "NA" -context "software_version_and_target_device"
# webtalk_add_data -client project -key target_device -value "NA" -context "software_version_and_target_device"
# webtalk_add_data -client project -key target_package -value "NA" -context "software_version_and_target_device"
# webtalk_add_data -client project -key target_speed -value "NA" -context "software_version_and_target_device"
# webtalk_add_data -client project -key random_id -value "c3dhplhuossmj0saqpft7bqgfu" -context "software_version_and_target_device"
# webtalk_add_data -client project -key project_id -value "2015.4_8" -context "software_version_and_target_device"
# webtalk_add_data -client project -key project_iteration -value "8" -context "software_version_and_target_device"
# webtalk_add_data -client project -key os_name -value "" -context "user_environment"
# webtalk_add_data -client project -key os_release -value "" -context "user_environment"
# webtalk_add_data -client project -key cpu_name -value "" -context "user_environment"
# webtalk_add_data -client project -key cpu_speed -value "" -context "user_environment"
# webtalk_add_data -client project -key total_processors -value "" -context "user_environment"
# webtalk_add_data -client project -key system_ram -value "" -context "user_environment"
# webtalk_register_client -client sdk
# webtalk_add_data -client sdk -key uid -value "1503851582000" -context "sdk\\\\application/1503851582000"
# webtalk_add_data -client sdk -key os -value "linux" -context "sdk\\\\application/1503851582000"
# webtalk_add_data -client sdk -key apptemplate -value "empty_application" -context "sdk\\\\application/1503851582000"
# webtalk_add_data -client sdk -key uid -value "1503851832000" -context "sdk\\\\application/1503851832000"
# webtalk_add_data -client sdk -key os -value "linux" -context "sdk\\\\application/1503851832000"
# webtalk_add_data -client sdk -key apptemplate -value "empty_application" -context "sdk\\\\application/1503851832000"
# webtalk_transmit -clientid 1421719477 -regid "" -xml /home/yarib/ZYBO_projects/app_workspace/webtalk/usage_statistics_ext_sdk.xml -html /home/yarib/ZYBO_projects/app_workspace/webtalk/usage_statistics_ext_sdk.html -wdm /home/yarib/ZYBO_projects/app_workspace/webtalk/sdk_webtalk.wdm -intro "<H3>SDK Usage Report</H3><BR>"
# webtalk_terminate
INFO: [Common 17-206] Exiting Webtalk at Sun Aug 27 18:41:01 2017...
